app/build/outputs/mapping/release/seeds.txt
com.odorik.odorikbuddy.ui.navigation.NavigationViewModel
com.odorik.odorikbuddy.data.model.RpcResponse
com.odorik.odorikbuddy.MainActivity
com.odorik.odorikbuddy.ui.dashboard.DashboardViewModel
com.odorik.odorikbuddy.data.model.Sms
com.odorik.odorikbuddy.ui.login.LoginViewModel
com.odorik.odorikbuddy.MainActivity_GeneratedInjector
com.odorik.odorikbuddy.ui.calls.CallViewModel
com.odorik.odorikbuddy.ui.balance.BalanceViewModel
com.odorik.odorikbuddy.data.model.UserInfo
com.odorik.odorikbuddy.data.model.RpcRequest
com.odorik.odorikbuddy.ui.settings.SettingsViewModel
com.odorik.odorikbuddy.data.model.LineInfo
com.odorik.odorikbuddy.OdorikBuddyApplication
com.odorik.odorikbuddy.data.model.Line
com.odorik.odorikbuddy.data.model.CallInfo
com.odorik.odorikbuddy.data.model.SmsInfo
com.odorik.odorikbuddy.data.remote.OdorikApi
com.odorik.odorikbuddy.data.model.Credit
com.odorik.odorikbuddy.ui.sms.SmsViewModel
com.odorik.odorikbuddy.ui.history.HistoryViewModel
com.odorik.odorikbuddy.OdorikBuddyApplication_GeneratedInjector
com.odorik.odorikbuddy.data.model.Sms: java.lang.String recipient
com.odorik.odorikbuddy.data.model.CallInfo: java.lang.String callId
com.odorik.odorikbuddy.data.model.RpcResponse: com.google.gson.JsonElement result
com.odorik.odorikbuddy.data.model.SmsInfo: java.lang.String smsId
com.odorik.odorikbuddy.data.model.RpcRequest: java.lang.String method
com.odorik.odorikbuddy.data.model.SmsInfo: int $stable
com.odorik.odorikbuddy.data.model.SmsInfo: java.lang.String recipient
com.odorik.odorikbuddy.data.model.CallInfo: java.lang.String duration
com.odorik.odorikbuddy.data.model.RpcResponse: int $stable
com.odorik.odorikbuddy.data.model.LineInfo: java.lang.String lineName
com.odorik.odorikbuddy.data.model.SmsInfo: java.lang.String message
com.odorik.odorikbuddy.data.model.CallInfo: java.lang.String startTime
com.odorik.odorikbuddy.data.model.CallInfo: java.lang.String callerId
com.odorik.odorikbuddy.data.model.CallInfo: java.lang.String cost
com.odorik.odorikbuddy.data.model.LineInfo: int $stable
com.odorik.odorikbuddy.data.model.Sms: java.lang.String message
com.odorik.odorikbuddy.data.model.Line: int $stable
com.odorik.odorikbuddy.data.model.RpcResponse: java.lang.String error
com.odorik.odorikbuddy.data.model.LineInfo: java.lang.String password
com.odorik.odorikbuddy.data.model.SmsInfo: java.lang.String status
com.odorik.odorikbuddy.data.model.UserInfo: java.lang.String phoneNumber
com.odorik.odorikbuddy.data.model.RpcRequest: int $stable
com.odorik.odorikbuddy.data.model.SmsInfo: java.lang.String sentTime
com.odorik.odorikbuddy.data.model.Credit: int $stable
com.odorik.odorikbuddy.data.model.Line: java.lang.String id
com.odorik.odorikbuddy.data.model.Credit: java.lang.String currency
com.odorik.odorikbuddy.data.model.UserInfo: int $stable
com.odorik.odorikbuddy.data.model.Line: java.lang.String caller_id
com.odorik.odorikbuddy.data.model.UserInfo: java.lang.String email
com.odorik.odorikbuddy.data.model.UserInfo: java.lang.String name
com.odorik.odorikbuddy.data.model.LineInfo: java.lang.String callerId
com.odorik.odorikbuddy.data.model.Sms: int $stable
com.odorik.odorikbuddy.data.model.RpcRequest: java.util.List params
com.odorik.odorikbuddy.data.model.CallInfo: int $stable
com.odorik.odorikbuddy.data.model.CallInfo: java.lang.String calledNumber
com.odorik.odorikbuddy.data.model.Credit: java.lang.String credit
com.odorik.odorikbuddy.data.model.CallInfo: java.lang.String getCallId()
com.odorik.odorikbuddy.data.model.Line: int hashCode()
com.odorik.odorikbuddy.data.model.SmsInfo: java.lang.String getMessage()
com.odorik.odorikbuddy.MainActivity: MainActivity()
com.odorik.odorikbuddy.data.model.RpcResponse: com.odorik.odorikbuddy.data.model.RpcResponse copy(com.google.gson.JsonElement,java.lang.String)
com.odorik.odorikbuddy.data.model.RpcRequest: java.lang.String toString()
com.odorik.odorikbuddy.Hilt_OdorikBuddyApplication: Hilt_OdorikBuddyApplication()
...
com.google.crypto.tink.proto.AesCtrHmacAeadKey: int AES_CTR_KEY_FIELD_NUMBER
com.google.crypto.tink.proto.Keyset: com.google.crypto.tink.shaded.protobuf.Parser PARSER
okhttp3.RequestBody: okhttp3.RequestBody$Companion Companion
com.google.crypto.tink.proto.KeyTypeEntry: int NEW_KEY_ALLOWED_FIELD_NUMBER
com.google.crypto.tink.proto.HmacKeyFormat: com.google.crypto.tink.proto.HmacKeyFormat DEFAULT_INSTANCE
androidx.navigation.NavBackStackEntryState: android.os.Parcelable$Creator CREATOR
kotlinx.coroutines.flow.StateFlowSlot: java.lang.Object _state
retrofit2.RequestFactory: boolean isKotlinSuspendFunction
com.google.crypto.tink.proto.KeyTypeEntry: java.lang.String typeUrl_
retrofit2.HttpServiceMethod$CallAdapted: retrofit2.CallAdapter callAdapter
com.google.crypto.tink.proto.AesGcmSivKey: com.google.crypto.tink.shaded.protobuf.ByteString keyValue_
com.google.crypto.tink.proto.AesCtrHmacAeadKey: int version_
com.google.crypto.tink.proto.HmacParams: com.google.crypto.tink.proto.HmacParams DEFAULT_INSTANCE
retrofit2.Retrofit: java.util.concurrent.Executor callbackExecutor
kotlinx.coroutines.DefaultExecutor: int debugStatus
retrofit2.RequestFactory: okhttp3.HttpUrl baseUrl
retrofit2.DefaultCallAdapterFactory$1: java.util.concurrent.Executor val$executor
retrofit2.OkHttpCall$1: retrofit2.Callback val$callback
retrofit2.ParameterHandler$Path: retrofit2.Converter valueConverter
com.google.crypto.tink.proto.KmsEnvelopeAeadKey: com.google.crypto.tink.shaded.protobuf.Parser PARSER
com.google.crypto.tink.proto.HmacKey: int PARAMS_FIELD_NUMBER
kotlinx.coroutines.EventLoopImplBase: java.lang.Object _delayed
com.google.crypto.tink.proto.ChaCha20Poly1305KeyFormat: com.google.crypto.tink.proto.ChaCha20Poly1305KeyFormat DEFAULT_INSTANCE
com.google.crypto.tink.proto.AesGcmSivKeyFormat: int KEY_SIZE_FIELD_NUMBER
retrofit2.ParameterHandler$Query: boolean encoded
com.google.crypto.tink.proto.ChaCha20Poly1305Key: com.google.crypto.tink.shaded.protobuf.Parser PARSER
retrofit2.Utils: java.lang.reflect.Type[] EMPTY_TYPE_ARRAY
retrofit2.OkHttpCall: java.lang.Object instance
retrofit2.RequestFactory$Builder: boolean gotQueryMap
kotlinx.coroutines.JobSupport$Finishing: java.lang.Object _rootCause
com.google.crypto.tink.proto.AesCmacKeyFormat: int PARAMS_FIELD_NUMBER
retrofit2.RequestBuilder: boolean hasBody
com.google.crypto.tink.proto.AesEaxParams: com.google.crypto.tink.shaded.protobuf.Parser PARSER
androidx.lifecycle.ProcessLifecycleOwner$attach$1: androidx.lifecycle.ProcessLifecycleOwner this$0
retrofit2.Invocation: java.util.List arguments
com.google.crypto.tink.proto.AesCmacParams: com.google.crypto.tink.shaded.protobuf.Parser PARSER
retrofit2.RequestBuilder: okhttp3.MultipartBody$Builder multipartBuilder
com.google.crypto.tink.proto.KeysetInfo$KeyInfo: java.lang.String typeUrl_
com.google.crypto.tink.proto.AesCtrKey: int version_
retrofit2.ParameterHandler$Part: java.lang.reflect.Method method
retrofit2.converter.gson.GsonRequestBodyConverter: com.google.gson.TypeAdapter adapter
com.google.crypto.tink.proto.AesSivKey: com.google.crypto.tink.shaded.protobuf.Parser PARSER
com.google.crypto.tink.proto.KeyTemplate: com.google.crypto.tink.shaded.protobuf.Parser PARSER
com.google.crypto.tink.proto.RegistryConfig: com.google.crypto.tink.shaded.protobuf.Parser PARSER
com.google.crypto.tink.proto.HmacKeyFormat: com.google.crypto.tink.proto.HmacParams params_
com.google.crypto.tink.proto.AesCtrHmacAeadKeyFormat: com.google.crypto.tink.proto.HmacKeyFormat hmacKeyFormat_
retrofit2.RequestBuilder: okhttp3.MediaType contentType
com.google.crypto.tink.proto.AesCtrKey: com.google.crypto.tink.proto.AesCtrParams params_
retrofit2.OkHttpCall: okhttp3.Call$Factory callFactory
com.google.crypto.tink.proto.KmsEnvelopeAeadKey: int version_
retrofit2.ParameterHandler$Tag: java.lang.Class cls
retrofit2.ParameterHandler$FieldMap: boolean encoded
retrofit2.ParameterHandler$PartMap: retrofit2.Converter valueConverter