app/build/outputs/mapping/release/mapping.txt
# compiler: R8
# compiler_version: 8.4.22
# min_api: 24
# common_typos_disable
# {"id":"com.android.tools.r8.mapping","version":"2.2"}
# pg_map_id: a07412f
# pg_map_hash: SHA-256 a07412f0cce39f0cd6c6ecae4b4539bc8051f98ba1d771b277f706879e5062c8
com.odorik.odorikbuddy.DaggerOdorikBuddyApplication_HiltComponents_SingletonC$ActivityCBuilder -> M1.a:
# {"id":"sourceFile","fileName":"DaggerOdorikBuddyApplication_HiltComponents_SingletonC.java"}
    com.odorik.odorikbuddy.DaggerOdorikBuddyApplication_HiltComponents_SingletonC$SingletonCImpl singletonCImpl -> a
      # {"id":"com.android.tools.r8.residualsignature","signature":"LM1/d;"}
    com.odorik.odorikbuddy.DaggerOdorikBuddyApplication_HiltComponents_SingletonC$ActivityRetainedCImpl activityRetainedCImpl -> b
      # {"id":"com.android.tools.r8.residualsignature","signature":"LM1/c;"}
    1:1:void M1.DaggerOdorikBuddyApplication_HiltComponents_SingletonC$ActivityCBuilder.<init>(M1.DaggerOdorikBuddyApplication_HiltComponents_SingletonC$SingletonCImpl,M1.DaggerOdorikBuddyApplication_HiltComponents_SingletonC$ActivityRetainedCImpl):0:0 -> <init>
      # {"id":"com.android.tools.r8.synthesized"}
      # {"id":"com.android.tools.r8.residualsignature","signature":"(LM1/d;LM1/c;)V"}
com.odorik.odorikbuddy.DaggerOdorikBuddyApplication_HiltComponents_SingletonC$ActivityCImpl -> M1.b:
# {"id":"sourceFile","fileName":"DaggerOdorikBuddyApplication_HiltComponents_SingletonC.java"}
    com.odorik.odorikbuddy.DaggerOdorikBuddyApplication_HiltComponents_SingletonC$SingletonCImpl singletonCImpl -> a
      # {"id":"com.android.tools.r8.residualsignature","signature":"LM1/d;"}
    com.odorik.odorikbuddy.DaggerOdorikBuddyApplication_HiltComponents_SingletonC$ActivityRetainedCImpl activityRetainedCImpl -> b
      # {"id":"com.android.tools.r8.residualsignature","signature":"LM1/c;"}
    1:3:void com.odorik.odorikbuddy.OdorikBuddyApplication_HiltComponents$ActivityC.<init>():0:0 -> <init>
    1:3:void <init>(com.odorik.odorikbuddy.DaggerOdorikBuddyApplication_HiltComponents_SingletonC$SingletonCImpl,com.odorik.odorikbuddy.DaggerOdorikBuddyApplication_HiltComponents_SingletonC$ActivityRetainedCImpl,android.app.Activity):0 -> <init>
      # {"id":"com.android.tools.r8.residualsignature","signature":"(LM1/d;LM1/c;)V"}
    4:8:void <init>(com.odorik.odorikbuddy.DaggerOdorikBuddyApplication_HiltComponents_SingletonC$SingletonCImpl,com.odorik.odorikbuddy.DaggerOdorikBuddyApplication_HiltComponents_SingletonC$ActivityRetainedCImpl,android.app.Activity):0:0 -> <init>
com.odorik.odorikbuddy.DaggerOdorikBuddyApplication_HiltComponents_SingletonC$ActivityRetainedCImpl -> M1.c:
# {"id":"sourceFile","fileName":"DaggerOdorikBuddyApplication_HiltComponents_SingletonC.java"}
    com.odorik.odorikbuddy.DaggerOdorikBuddyApplication_HiltComponents_SingletonC$SingletonCImpl singletonCImpl -> a
      # {"id":"com.android.tools.r8.residualsignature","signature":"LM1/d;"}
    com.odorik.odorikbuddy.DaggerOdorikBuddyApplication_HiltComponents_SingletonC$ActivityRetainedCImpl activityRetainedCImpl -> b
      # {"id":"com.android.tools.r8.residualsignature","signature":"LM1/c;"}
    dagger.internal.Provider provideActivityRetainedLifecycleProvider -> c
      # {"id":"com.android.tools.r8.residualsignature","signature":"Lk2/b;"}
    1:3:void com.odorik.odorikbuddy.OdorikBuddyApplication_HiltComponents$ActivityRetainedC.<init>():0:0 -> <init>
    1:3:void <init>(com.odorik.odorikbuddy.DaggerOdorikBuddyApplication_HiltComponents_SingletonC$SingletonCImpl,dagger.hilt.android.internal.managers.SavedStateHandleHolder):0 -> <init>
      # {"id":"com.android.tools.r8.residualsignature","signature":"(LM1/d;)V"}
    4:7:void <init>(com.odorik.odorikbuddy.DaggerOdorikBuddyApplication_HiltComponents_SingletonC$SingletonCImpl,dagger.hilt.android.internal.managers.SavedStateHandleHolder):0:0 -> <init>
    8:9:void initialize(dagger.hilt.android.internal.managers.SavedStateHandleHolder):0:0 -> <init>
...
androidx.compose.material3.InteractiveComponentSizeKt -> G.j0:
# {"id":"sourceFile","fileName":"InteractiveComponentSize.kt"}
    androidx.compose.runtime.ProvidableCompositionLocal LocalMinimumInteractiveComponentEnforcement -> a
      # {"id":"com.android.tools.r8.residualsignature","signature":"LJ/b1;"}
    long minimumInteractiveComponentSize -> b
    3:7:void androidx.compose.runtime.ProvidableCompositionLocal.<init>(kotlin.jvm.functions.Function0):0:0 -> <clinit>
    3:7:void androidx.compose.runtime.StaticProvidableCompositionLocal.<init>(kotlin.jvm.functions.Function0):0 -> <clinit>
    3:7:androidx.compose.runtime.ProvidableCompositionLocal androidx.compose.runtime.CompositionLocalKt.staticCompositionLocalOf(kotlin.jvm.functions.Function0):0 -> <clinit>
    3:7:void <clinit>():0 -> <clinit>
    8:19:void <clinit>():0:0 -> <clinit>
androidx.compose.material3.InteractiveComponentSizeKt$LocalMinimumInteractiveComponentEnforcement$1 -> G.j0$a:
# {"id":"sourceFile","fileName":"InteractiveComponentSize.kt"}
    androidx.compose.material3.InteractiveComponentSizeKt$LocalMinimumInteractiveComponentEnforcement$1 INSTANCE -> j
      # {"id":"com.android.tools.r8.residualsignature","signature":"LG/j0$a;"}
    4:6:void <init>():0:0 -> <clinit>
    4:6:void <clinit>():0 -> <clinit>
    7:9:void <clinit>():0:0 -> <clinit>
    1:3:java.lang.Object invoke():0:0 -> c
androidx.compose.material3.Listener -> G.k0:
# {"id":"sourceFile","fileName":"TouchExplorationStateProvider.android.kt"}
    androidx.compose.runtime.MutableState accessibilityEnabled$delegate -> j
      # {"id":"com.android.tools.r8.residualsignature","signature":"LJ/m0;"}
    androidx.compose.runtime.MutableState touchExplorationEnabled$delegate -> k
      # {"id":"com.android.tools.r8.residualsignature","signature":"LJ/m0;"}
    6:11:androidx.compose.runtime.MutableState androidx.compose.runtime.SnapshotStateKt__SnapshotStateKt.mutableStateOf$default(java.lang.Object,androidx.compose.runtime.SnapshotMutationPolicy,int,java.lang.Object):0:0 -> <init>
    6:11:androidx.compose.runtime.MutableState androidx.compose.runtime.SnapshotStateKt.mutableStateOf$default(java.lang.Object,androidx.compose.runtime.SnapshotMutationPolicy,int,java.lang.Object):0 -> <init>
    6:11:void <init>():0 -> <init>
    12:13:void <init>():0:0 -> <init>
    14:17:androidx.compose.runtime.MutableState androidx.compose.runtime.SnapshotStateKt__SnapshotStateKt.mutableStateOf$default(java.lang.Object,androidx.compose.runtime.SnapshotMutationPolicy,int,java.lang.Object):0:0 -> <init>
    14:17:androidx.compose.runtime.MutableState androidx.compose.runtime.SnapshotStateKt.mutableStateOf$default(java.lang.Object,androidx.compose.runtime.SnapshotMutationPolicy,int,java.lang.Object):0 -> <init>
    14:17:void <init>():0 -> <init>
    18:20:void <init>():0:0 -> <init>
androidx.compose.material3.MappedInteractionSource -> G.m0:
# {"id":"sourceFile","fileName":"MappedInteractionSource.kt"}
    long delta -> a
    java.util.Map mappedPresses -> b
      # {"id":"com.android.tools.r8.residualsignature","signature":"Ljava/util/LinkedHashMap;"}
    kotlinx.coroutines.flow.Flow interactions -> c
      # {"id":"com.android.tools.r8.residualsignature","signature":"LB0/s;"}
    1:25:void <init>(androidx.compose.foundation.interaction.InteractionSource,long):0:0 -> <init>
    1:25:void <init>(androidx.compose.foundation.interaction.InteractionSource,long,kotlin.jvm.internal.DefaultConstructorMarker):0 -> <init>
      # {"id":"com.android.tools.r8.residualsignature","signature":"(Lu/l;J)V"}
    1:3:kotlinx.coroutines.flow.Flow getInteractions():0:0 -> c
      # {"id":"com.android.tools.r8.residualsignature","signature":"()LM2/c;"}