app/build/outputs/mapping/release/usage.txt
com.odorik.odorikbuddy.AppNavigationKt$AppNavigation$1$1$1$1$1
com.odorik.odorikbuddy.AppNavigationKt$AppNavigation$1$1$1$1
com.odorik.odorikbuddy.AppNavigationKt$AppNavigation$1$1$1
com.odorik.odorikbuddy.AppNavigationKt$AppNavigation$1$1
com.odorik.odorikbuddy.AppNavigationKt$AppNavigation$1$2
com.odorik.odorikbuddy.AppNavigationKt$AppNavigation$1
com.odorik.odorikbuddy.AppNavigationKt$AppNavigation$2
com.odorik.odorikbuddy.AppNavigationKt
com.odorik.odorikbuddy.BuildConfig
com.odorik.odorikbuddy.ComposableSingletons$AppNavigationKt$lambda-1$1
com.odorik.odorikbuddy.ComposableSingletons$AppNavigationKt$lambda-2$1
com.odorik.odorikbuddy.ComposableSingletons$AppNavigationKt
com.odorik.odorikbuddy.DaggerOdorikBuddyApplication_HiltComponents_SingletonC$ActivityCImpl:
    public dagger.hilt.android.internal.builders.FragmentComponentBuilder fragmentComponentBuilder()
    public dagger.hilt.android.internal.builders.ViewComponentBuilder viewComponentBuilder()
com.odorik.odorikbuddy.DaggerOdorikBuddyApplication_HiltComponents_SingletonC$FragmentCBuilder
com.odorik.odorikbuddy.DaggerOdorikBuddyApplication_HiltComponents_SingletonC$FragmentCImpl
com.odorik.odorikbuddy.DaggerOdorikBuddyApplication_HiltComponents_SingletonC$ServiceCBuilder
com.odorik.odorikbuddy.DaggerOdorikBuddyApplication_HiltComponents_SingletonC$ServiceCImpl
com.odorik.odorikbuddy.DaggerOdorikBuddyApplication_HiltComponents_SingletonC$SingletonCImpl:
    public java.util.Set getDisableFragmentGetContextFix()
    public dagger.hilt.android.internal.builders.ServiceComponentBuilder serviceComponentBuilder()
com.odorik.odorikbuddy.DaggerOdorikBuddyApplication_HiltComponents_SingletonC$ViewCBuilder
com.odorik.odorikbuddy.DaggerOdorikBuddyApplication_HiltComponents_SingletonC$ViewCImpl
com.odorik.odorikbuddy.DaggerOdorikBuddyApplication_HiltComponents_SingletonC$ViewWithFragmentCBuilder
com.odorik.odorikbuddy.DaggerOdorikBuddyApplication_HiltComponents_SingletonC$ViewWithFragmentCImpl
com.odorik.odorikbuddy.DaggerOdorikBuddyApplication_HiltComponents_SingletonC:
    private void <init>()
com.odorik.odorikbuddy.Hilt_MainActivity:
    void <init>(int)
    public synthetic bridge dagger.hilt.internal.GeneratedComponentManager componentManager()
com.odorik.odorikbuddy.Hilt_OdorikBuddyApplication:
    public synthetic bridge dagger.hilt.internal.GeneratedComponentManager componentManager()
com.odorik.odorikbuddy.MainActivity:
    private final com.odorik.odorikbuddy.ui.calls.CallViewModel getCallViewModel()
    public final void setLocaleManager(com.odorik.odorikbuddy.data.local.LocaleManager)
    public final void setThemeManager(com.odorik.odorikbuddy.data.local.ThemeManager)
com.odorik.odorikbuddy.MainActivity_MembersInjector:
    private final javax.inject.Provider localeManagerProvider
    private final javax.inject.Provider themeManagerProvider
    public void <init>(javax.inject.Provider,javax.inject.Provider)
    public static dagger.MembersInjector create(javax.inject.Provider,javax.inject.Provider)
    public void injectMembers(com.odorik.odorikbuddy.MainActivity)
    public synthetic bridge void injectMembers(java.lang.Object)
com.odorik.odorikbuddy.OdorikBuddyApplication:
    public static final int $stable
com.odorik.odorikbuddy.OdorikBuddyApplication_ComponentTreeDeps
com.odorik.odorikbuddy.OdorikBuddyApplication_HiltComponents$ActivityC$Builder
com.odorik.odorikbuddy.OdorikBuddyApplication_HiltComponents$ActivityCBuilderModule
com.odorik.odorikbuddy.OdorikBuddyApplication_HiltComponents$ActivityRetainedC$Builder
com.odorik.odorikbuddy.OdorikBuddyApplication_HiltComponents$ActivityRetainedCBuilderModule
com.odorik.odorikbuddy.OdorikBuddyApplication_HiltComponents$FragmentC$Builder
com.odorik.odorikbuddy.OdorikBuddyApplication_HiltComponents$FragmentC
com.odorik.odorikbuddy.OdorikBuddyApplication_HiltComponents$FragmentCBuilderModule
com.odorik.odorikbuddy.OdorikBuddyApplication_HiltComponents$ServiceC$Builder
...
androidx.compose.ui.text.android.BoringLayoutFactory
androidx.compose.ui.text.android.BoringLayoutFactoryDefault:
    public static final androidx.compose.ui.text.android.BoringLayoutFactoryDefault INSTANCE
    static void <clinit>()
androidx.compose.ui.text.android.CharSequenceCharacterIterator:
    public static final int $stable
    static void <clinit>()
androidx.compose.ui.text.android.HorizontalPositionCache:
    public static float getPrimaryDownstream()
    public static float getPrimaryUpstream()
    public static float getSecondaryDownstream()
    public static float getSecondaryUpstream()
androidx.compose.ui.text.android.LayoutCompat:
    public static final int $stable
    public static final android.text.TextDirectionHeuristic DEFAULT_TEXT_DIRECTION_HEURISTIC
    public static final androidx.compose.ui.text.android.LayoutCompat INSTANCE
    public static android.text.Layout$Alignment getDEFAULT_LAYOUT_ALIGNMENT$ui_text_release()
    public static android.text.TextDirectionHeuristic getDEFAULT_TEXT_DIRECTION_HEURISTIC$ui_text_release()
androidx.compose.ui.text.android.LayoutHelper$BidiRun:
    public static int getEnd()
    public static int getStart()
    public static boolean isRtl()
androidx.compose.ui.text.android.LayoutHelper:
    public static final int $stable
    public final int paragraphCount
    static void <clinit>()
    public static java.text.Bidi analyzeBidi()
    public static int getLineVisibleEnd()
    public static int getParagraphForOffset()
    public final int getParagraphStart(int)
    public static boolean isLineEndSpace()
    public final boolean isRtlParagraph(int)
androidx.compose.ui.text.android.LayoutIntrinsics:
    public static final int $stable
    static void <clinit>()
    public static float getMinIntrinsicWidth()
androidx.compose.ui.text.android.LayoutIntrinsicsKt
androidx.compose.ui.text.android.Paint29:
    public static final androidx.compose.ui.text.android.Paint29 INSTANCE
    static void <clinit>()
androidx.compose.ui.text.android.PaintExtensionsKt:
    public static final void fillStringBounds(android.graphics.Paint,java.lang.CharSequence,int,int,android.graphics.Rect)
androidx.compose.ui.text.android.SpannedExtensionsKt
androidx.compose.ui.text.android.StaticLayoutFactory23:
    public final boolean isFallbackLineSpacingEnabled()
androidx.compose.ui.text.android.StaticLayoutFactory26:
    public static final androidx.compose.ui.text.android.StaticLayoutFactory26 INSTANCE
    static void <clinit>()
androidx.compose.ui.text.android.StaticLayoutFactory28:
    public static final androidx.compose.ui.text.android.StaticLayoutFactory28 INSTANCE
    static void <clinit>()
androidx.compose.ui.text.android.StaticLayoutFactory33:
    public static final androidx.compose.ui.text.android.StaticLayoutFactory33 INSTANCE
    static void <clinit>()
androidx.compose.ui.text.android.StaticLayoutFactory:
    public static final int $stable
    public static final androidx.compose.ui.text.android.StaticLayoutFactory INSTANCE
    public static android.text.StaticLayout create()
    public static boolean isFallbackLineSpacingEnabled()
androidx.compose.ui.text.android.StaticLayoutFactoryDefault$Companion
androidx.compose.ui.text.android.StaticLayoutFactoryDefault
androidx.compose.ui.text.android.StaticLayoutFactoryImpl:
    public abstract boolean isFallbackLineSpacingEnabled()